Not searching for unused variables given on the command line.
-- Using CATKIN_DEVEL_PREFIX: /home/dell/catkin_ws_cb/devel/.private/husky_navigation
-- Using CMAKE_PREFIX_PATH: /home/dell/catkin_ws/devel;/opt/ros/melodic;/home/dell/catkin_ws_cb/devel
-- This workspace overlays: /home/dell/catkin_ws/devel;/opt/ros/melodic;/home/dell/catkin_ws_cb/devel
-- Found PythonInterp: /usr/bin/python2 (found suitable version "2.7.15", minimum required is "2")
-- Using PYTHON_EXECUTABLE: /usr/bin/python2
-- Using Debian Python package layout
-- Using empy: /usr/bin/empy
-- Using CATKIN_ENABLE_TESTING: ON
-- Call enable_testing()
-- Using CATKIN_TEST_RESULTS_DIR: /home/dell/catkin_ws_cb/build/husky_navigation/test_results
-- Found gtest sources under '/usr/src/googletest': gtests will be built
-- Found gmock sources under '/usr/src/googletest': gmock will be built
-- Found PythonInterp: /usr/bin/python2 (found version "2.7.15")
-- Using Python nosetests: /usr/bin/nosetests-2.7
-- catkin 0.7.19
-- BUILD_SHARED_LIBS is on
-- Configuring done
-- Generating done
-- Build files have been written to: /home/dell/catkin_ws_cb/build/husky_navigation
