Determining if the pthread_create exist failed with the following output:
Change Dir: /home/dell/catkin_ws_cb/build/husky_gazebo/CMakeFiles/CMakeTmp

Run Build Command:"/usr/bin/make" "cmTC_46ee4/fast"
/usr/bin/make -f CMakeFiles/cmTC_46ee4.dir/build.make CMakeFiles/cmTC_46ee4.dir/build
make[1]: Entering directory '/home/dell/catkin_ws_cb/build/husky_gazebo/CMakeFiles/CMakeTmp'
Building C object CMakeFiles/cmTC_46ee4.dir/CheckSymbolExists.c.o
/usr/bin/cc    -o CMakeFiles/cmTC_46ee4.dir/CheckSymbolExists.c.o   -c /home/dell/catkin_ws_cb/build/husky_gazebo/CMakeFiles/CMakeTmp/CheckSymbolExists.c
Linking C executable cmTC_46ee4
/usr/bin/cmake -E cmake_link_script CMakeFiles/cmTC_46ee4.dir/link.txt --verbose=1
/usr/bin/cc      -rdynamic CMakeFiles/cmTC_46ee4.dir/CheckSymbolExists.c.o  -o cmTC_46ee4 
CMakeFiles/cmTC_46ee4.dir/CheckSymbolExists.c.o: In function `main':
CheckSymbolExists.c:(.text+0x1b): undefined reference to `pthread_create'
collect2: error: ld returned 1 exit status
CMakeFiles/cmTC_46ee4.dir/build.make:97: recipe for target 'cmTC_46ee4' failed
make[1]: *** [cmTC_46ee4] Error 1
make[1]: Leaving directory '/home/dell/catkin_ws_cb/build/husky_gazebo/CMakeFiles/CMakeTmp'
Makefile:126: recipe for target 'cmTC_46ee4/fast' failed
make: *** [cmTC_46ee4/fast] Error 2

File /home/dell/catkin_ws_cb/build/husky_gazebo/CMakeFiles/CMakeTmp/CheckSymbolExists.c:
/* */
#include <pthread.h>

int main(int argc, char** argv)
{
  (void)argv;
#ifndef pthread_create
  return ((int*)(&pthread_create))[argc];
#else
  (void)argc;
  return 0;
#endif
}

Determining if the function pthread_create exists in the pthreads failed with the following output:
Change Dir: /home/dell/catkin_ws_cb/build/husky_gazebo/CMakeFiles/CMakeTmp

Run Build Command:"/usr/bin/make" "cmTC_2bc6c/fast"
/usr/bin/make -f CMakeFiles/cmTC_2bc6c.dir/build.make CMakeFiles/cmTC_2bc6c.dir/build
make[1]: Entering directory '/home/dell/catkin_ws_cb/build/husky_gazebo/CMakeFiles/CMakeTmp'
Building C object CMakeFiles/cmTC_2bc6c.dir/CheckFunctionExists.c.o
/usr/bin/cc   -DCHECK_FUNCTION_EXISTS=pthread_create   -o CMakeFiles/cmTC_2bc6c.dir/CheckFunctionExists.c.o   -c /usr/share/cmake-3.10/Modules/CheckFunctionExists.c
Linking C executable cmTC_2bc6c
/usr/bin/cmake -E cmake_link_script CMakeFiles/cmTC_2bc6c.dir/link.txt --verbose=1
/usr/bin/cc  -DCHECK_FUNCTION_EXISTS=pthread_create    -rdynamic CMakeFiles/cmTC_2bc6c.dir/CheckFunctionExists.c.o  -o cmTC_2bc6c -lpthreads 
/usr/bin/ld: cannot find -lpthreads
collect2: error: ld returned 1 exit status
CMakeFiles/cmTC_2bc6c.dir/build.make:97: recipe for target 'cmTC_2bc6c' failed
make[1]: *** [cmTC_2bc6c] Error 1
make[1]: Leaving directory '/home/dell/catkin_ws_cb/build/husky_gazebo/CMakeFiles/CMakeTmp'
Makefile:126: recipe for target 'cmTC_2bc6c/fast' failed
make: *** [cmTC_2bc6c/fast] Error 2


