Determining if the pthread_create exist failed with the following output:
Change Dir: /home/dell/catkin_ws_cb/build/husky_navigation/CMakeFiles/CMakeTmp

Run Build Command:"/usr/bin/make" "cmTC_38206/fast"
/usr/bin/make -f CMakeFiles/cmTC_38206.dir/build.make CMakeFiles/cmTC_38206.dir/build
make[1]: Entering directory '/home/dell/catkin_ws_cb/build/husky_navigation/CMakeFiles/CMakeTmp'
Building C object CMakeFiles/cmTC_38206.dir/CheckSymbolExists.c.o
/usr/bin/cc    -o CMakeFiles/cmTC_38206.dir/CheckSymbolExists.c.o   -c /home/dell/catkin_ws_cb/build/husky_navigation/CMakeFiles/CMakeTmp/CheckSymbolExists.c
Linking C executable cmTC_38206
/usr/bin/cmake -E cmake_link_script CMakeFiles/cmTC_38206.dir/link.txt --verbose=1
/usr/bin/cc      -rdynamic CMakeFiles/cmTC_38206.dir/CheckSymbolExists.c.o  -o cmTC_38206 
CMakeFiles/cmTC_38206.dir/CheckSymbolExists.c.o: In function `main':
CheckSymbolExists.c:(.text+0x1b): undefined reference to `pthread_create'
collect2: error: ld returned 1 exit status
CMakeFiles/cmTC_38206.dir/build.make:97: recipe for target 'cmTC_38206' failed
make[1]: *** [cmTC_38206] Error 1
make[1]: Leaving directory '/home/dell/catkin_ws_cb/build/husky_navigation/CMakeFiles/CMakeTmp'
Makefile:126: recipe for target 'cmTC_38206/fast' failed
make: *** [cmTC_38206/fast] Error 2

File /home/dell/catkin_ws_cb/build/husky_navigation/CMakeFiles/CMakeTmp/CheckSymbolExists.c:
/* */
#include <pthread.h>

int main(int argc, char** argv)
{
  (void)argv;
#ifndef pthread_create
  return ((int*)(&pthread_create))[argc];
#else
  (void)argc;
  return 0;
#endif
}

Determining if the function pthread_create exists in the pthreads failed with the following output:
Change Dir: /home/dell/catkin_ws_cb/build/husky_navigation/CMakeFiles/CMakeTmp

Run Build Command:"/usr/bin/make" "cmTC_b96bf/fast"
/usr/bin/make -f CMakeFiles/cmTC_b96bf.dir/build.make CMakeFiles/cmTC_b96bf.dir/build
make[1]: Entering directory '/home/dell/catkin_ws_cb/build/husky_navigation/CMakeFiles/CMakeTmp'
Building C object CMakeFiles/cmTC_b96bf.dir/CheckFunctionExists.c.o
/usr/bin/cc   -DCHECK_FUNCTION_EXISTS=pthread_create   -o CMakeFiles/cmTC_b96bf.dir/CheckFunctionExists.c.o   -c /usr/share/cmake-3.10/Modules/CheckFunctionExists.c
Linking C executable cmTC_b96bf
/usr/bin/cmake -E cmake_link_script CMakeFiles/cmTC_b96bf.dir/link.txt --verbose=1
/usr/bin/cc  -DCHECK_FUNCTION_EXISTS=pthread_create    -rdynamic CMakeFiles/cmTC_b96bf.dir/CheckFunctionExists.c.o  -o cmTC_b96bf -lpthreads 
/usr/bin/ld: cannot find -lpthreads
collect2: error: ld returned 1 exit status
CMakeFiles/cmTC_b96bf.dir/build.make:97: recipe for target 'cmTC_b96bf' failed
make[1]: *** [cmTC_b96bf] Error 1
make[1]: Leaving directory '/home/dell/catkin_ws_cb/build/husky_navigation/CMakeFiles/CMakeTmp'
Makefile:126: recipe for target 'cmTC_b96bf/fast' failed
make: *** [cmTC_b96bf/fast] Error 2


