Determining if the pthread_create exist failed with the following output:
Change Dir: /home/dell/catkin_ws_cb/build/husky_base/CMakeFiles/CMakeTmp

Run Build Command:"/usr/bin/make" "cmTC_d7e75/fast"
/usr/bin/make -f CMakeFiles/cmTC_d7e75.dir/build.make CMakeFiles/cmTC_d7e75.dir/build
make[1]: Entering directory '/home/dell/catkin_ws_cb/build/husky_base/CMakeFiles/CMakeTmp'
Building C object CMakeFiles/cmTC_d7e75.dir/CheckSymbolExists.c.o
/usr/bin/cc    -o CMakeFiles/cmTC_d7e75.dir/CheckSymbolExists.c.o   -c /home/dell/catkin_ws_cb/build/husky_base/CMakeFiles/CMakeTmp/CheckSymbolExists.c
Linking C executable cmTC_d7e75
/usr/bin/cmake -E cmake_link_script CMakeFiles/cmTC_d7e75.dir/link.txt --verbose=1
/usr/bin/cc      -rdynamic CMakeFiles/cmTC_d7e75.dir/CheckSymbolExists.c.o  -o cmTC_d7e75 
CMakeFiles/cmTC_d7e75.dir/CheckSymbolExists.c.o: In function `main':
CheckSymbolExists.c:(.text+0x1b): undefined reference to `pthread_create'
collect2: error: ld returned 1 exit status
CMakeFiles/cmTC_d7e75.dir/build.make:97: recipe for target 'cmTC_d7e75' failed
make[1]: *** [cmTC_d7e75] Error 1
make[1]: Leaving directory '/home/dell/catkin_ws_cb/build/husky_base/CMakeFiles/CMakeTmp'
Makefile:126: recipe for target 'cmTC_d7e75/fast' failed
make: *** [cmTC_d7e75/fast] Error 2

File /home/dell/catkin_ws_cb/build/husky_base/CMakeFiles/CMakeTmp/CheckSymbolExists.c:
/* */
#include <pthread.h>

int main(int argc, char** argv)
{
  (void)argv;
#ifndef pthread_create
  return ((int*)(&pthread_create))[argc];
#else
  (void)argc;
  return 0;
#endif
}

Determining if the function pthread_create exists in the pthreads failed with the following output:
Change Dir: /home/dell/catkin_ws_cb/build/husky_base/CMakeFiles/CMakeTmp

Run Build Command:"/usr/bin/make" "cmTC_973ca/fast"
/usr/bin/make -f CMakeFiles/cmTC_973ca.dir/build.make CMakeFiles/cmTC_973ca.dir/build
make[1]: Entering directory '/home/dell/catkin_ws_cb/build/husky_base/CMakeFiles/CMakeTmp'
Building C object CMakeFiles/cmTC_973ca.dir/CheckFunctionExists.c.o
/usr/bin/cc   -DCHECK_FUNCTION_EXISTS=pthread_create   -o CMakeFiles/cmTC_973ca.dir/CheckFunctionExists.c.o   -c /usr/share/cmake-3.10/Modules/CheckFunctionExists.c
Linking C executable cmTC_973ca
/usr/bin/cmake -E cmake_link_script CMakeFiles/cmTC_973ca.dir/link.txt --verbose=1
/usr/bin/cc  -DCHECK_FUNCTION_EXISTS=pthread_create    -rdynamic CMakeFiles/cmTC_973ca.dir/CheckFunctionExists.c.o  -o cmTC_973ca -lpthreads 
/usr/bin/ld: cannot find -lpthreads
collect2: error: ld returned 1 exit status
CMakeFiles/cmTC_973ca.dir/build.make:97: recipe for target 'cmTC_973ca' failed
make[1]: *** [cmTC_973ca] Error 1
make[1]: Leaving directory '/home/dell/catkin_ws_cb/build/husky_base/CMakeFiles/CMakeTmp'
Makefile:126: recipe for target 'cmTC_973ca/fast' failed
make: *** [cmTC_973ca/fast] Error 2


